Data: 01/05/2015 08:44:30
Conteudo: PDOException Object
(
    [message:protected] => SQLSTATE[42S22]: Column not found: 1054 Unknown column 'fk_id_course' in 'where clause'
    [string:Exception:private] => 
    [code:protected] => 42S22
    [file:protected] => /var/www/era/project/app/ilo/model/DAO.php
    [line:protected] => 209
    [trace:Exception:private] => Array
        (
            [0] => Array
                (
                    [file] => /var/www/era/project/app/ilo/model/DAO.php
                    [line] => 209
                    [function] => execute
                    [class] => PDOStatement
                    [type] => ->
                    [args] => Array
                        (
                            [0] => Array
                                (
                                    [:w_fk_id_course] => 1
                                )

                        )

                )

            [1] => Array
                (
                    [file] => /var/www/era/project/app/modules/treinamento/controller/Treinamento.php
                    [line] => 550
                    [function] => fetchAll
                    [class] => ILO_Model_DAO
                    [type] => ->
                    [args] => Array
                        (
                            [0] => Array
                                (
                                    [0] => name_unit
                                )

                            [1] => Array
                                (
                                    [fk_id_course] => 1
                                )

                        )

                )

            [2] => Array
                (
                    [function] => unidadescompentenciaAction
                    [class] => Treinamento_Controller_Treinamento
                    [type] => ->
                    [args] => Array
                        (
                        )

                )

            [3] => Array
                (
                    [file] => /var/www/era/project/app/ilo/router/Dispatcher.php
                    [line] => 407
                    [function] => call_user_func_array
                    [args] => Array
                        (
                            [0] => Array
                                (
                                    [0] => Treinamento_Controller_Treinamento Object
                                        (
                                            [_accessMapping:protected] => Array
                                                (
                                                    [salvar] => Array
                                                        (
                                                            [0] => cadastro
                                                            [1] => turma
                                                            [2] => endereco
                                                            [3] => saveendereco
                                                            [4] => savegeral
                                                            [5] => saveturma
                                                            [6] => saveteste
                                                            [7] => saveparticipantes
                                                            [8] => subdistritos
                                                            [9] => sukus
                                                            [10] => participantes
                                                            [11] => unidadescompentencia
                                                            [12] => listparticipantes
                                                            [13] => removeparticipantes
                                                            [14] => buscaparticipantes
                                                            [15] => teste
                                                            [16] => searchtest
                                                            [17] => assessment
                                                            [18] => saveassessment
                                                            [19] => saveevolucao
                                                            [20] => searchassessment
                                                            [21] => finaliza
                                                            [22] => evolucao
                                                            [23] => savefinaliza
                                                            [24] => testclass
                                                            [25] => searchtestclass
                                                            [26] => savetestclass
                                                            [27] => practicaltraining
                                                            [28] => searchpracticaltraining
                                                            [29] => savepracticaltraining
                                                            [30] => attendence
                                                            [31] => searchattendence
                                                            [32] => saveattendence
                                                        )

                                                    [consultar] => Array
                                                        (
                                                            [0] => index
                                                        )

                                                )

                                            [_abas:protected] => Array
                                                (
                                                    [0] => Array
                                                        (
                                                            [label] => Informação Geral
                                                            [id] => 51
                                                            [url] => /treinamento/treinamento/cadastro/id/
                                                            [liberado] => 1
                                                            [action] => cadastro
                                                            [selected] => 1
                                                            [require] => id_student_class
                                                        )

                                                    [1] => Array
                                                        (
                                                            [label] => Endereço
                                                            [id] => 53
                                                            [url] => /treinamento/treinamento/endereco/id/
                                                            [liberado] => 
                                                            [action] => endereco
                                                            [require] => id_student_class
                                                        )

                                                    [2] => Array
                                                        (
                                                            [label] => Curso da turma
                                                            [id] => 158
                                                            [url] => /treinamento/treinamento/turma/id/
                                                            [liberado] => 
                                                            [action] => turma
                                                            [require] => id_student_class
                                                        )

                                                    [3] => Array
                                                        (
                                                            [label] => Lista de participante
                                                            [id] => 159
                                                            [url] => /treinamento/treinamento/participantes/id/
                                                            [liberado] => 
                                                            [action] => participantes
                                                            [require] => fk_id_course
                                                        )

                                                    [4] => Array
                                                        (
                                                            [label] => Teste
                                                            [id] => 160
                                                            [url] => /treinamento/treinamento/testclass/id/
                                                            [liberado] => 
                                                            [action] => testclass
                                                            [require] => fk_id_client
                                                        )

                                                    [5] => Array
                                                        (
                                                            [label] => Practical Training
                                                            [id] => 528
                                                            [url] => /treinamento/treinamento/practicaltraining/id/
                                                            [liberado] => 
                                                            [action] => practicaltraining
                                                            [require] => fk_id_client
                                                        )

                                                    [6] => Array
                                                        (
                                                            [label] => Attendence
                                                            [id] => 529
                                                            [url] => /treinamento/treinamento/attendence/id/
                                                            [liberado] => 
                                                            [action] => attendence
                                                            [require] => fk_id_client
                                                        )

                                                    [7] => Array
                                                        (
                                                            [label] => Evolução
                                                            [id] => 489
                                                            [url] => /treinamento/treinamento/evolucao/id/
                                                            [liberado] => 
                                                            [action] => evolucao
                                                            [require] => fk_id_client
                                                        )

                                                    [8] => Array
                                                        (
                                                            [label] => Finalização
                                                            [id] => 161
                                                            [url] => /treinamento/treinamento/finaliza/id/
                                                            [liberado] => 
                                                            [action] => finaliza
                                                            [require] => id_class_evaluation
                                                        )

                                                )

                                            [_action:protected] => 
                                            [view:protected] => ILO_View_Render Object
                                                (
                                                    [_vars:protected] => Array
                                                        (
                                                            [action] => unidadescompentencia
                                                        )

                                                    [_viewPath:protected] => 
                                                    [_rota:protected] => Array
                                                        (
                                                            [modulo] => treinamento
                                                            [controller] => treinamento
                                                            [action] => unidadescompentencia
                                                        )

                                                    [_renderLayout:protected] => 1
                                                    [_layoutFile:protected] => /var/www/era/project/app/modules/default/layout/main.php
                                                    [_helper:protected] => ILO_Helper_Proxy Object
                                                        (
                                                        )

                                                    [_layoutPath:protected] => /var/www/era/project/app/modules/
                                                )

                                            [_renderView:protected] => 1
                                            [_helper:protected] => ILO_Helper_Proxy Object
                                                (
                                                )

                                        )

                                    [1] => unidadescompentenciaAction
                                )

                            [1] => Array
                                (
                                )

                        )

                )

            [4] => Array
                (
                    [file] => /var/www/era/project/app/ilo/router/Dispatcher.php
                    [line] => 341
                    [function] => dispatch
                    [class] => ILO_Router_Dispatcher
                    [type] => ->
                    [args] => Array
                        (
                        )

                )

            [5] => Array
                (
                    [file] => /var/www/era/project/app/ilo/Bootstrap.php
                    [line] => 37
                    [function] => run
                    [class] => ILO_Router_Dispatcher
                    [type] => ->
                    [args] => Array
                        (
                        )

                )

            [6] => Array
                (
                    [file] => /var/www/era/project/app/ilo/Bootstrap.php
                    [line] => 10
                    [function] => initRoute
                    [class] => ILO_Bootstrap
                    [type] => ::
                    [args] => Array
                        (
                        )

                )

            [7] => Array
                (
                    [file] => /var/www/era/project/index.php
                    [line] => 12
                    [function] => start
                    [class] => ILO_Bootstrap
                    [type] => ::
                    [args] => Array
                        (
                        )

                )

        )

    [previous:Exception:private] => 
    [errorInfo] => Array
        (
            [0] => 42S22
            [1] => 1054
            [2] => Unknown column 'fk_id_course' in 'where clause'
        )

    [xdebug_message] => <tr><th align='left' bgcolor='#f57900' colspan="5"><span style='background-color: #cc0000; color: #fce94f; font-size: x-large;'>( ! )</span> PDOException: SQLSTATE[42S22]: Column not found: 1054 Unknown column 'fk_id_course' in 'where clause' in /var/www/era/project/app/ilo/model/DAO.php on line <i>209</i></th></tr>
<tr><th align='left' bgcolor='#e9b96e' colspan='5'>Call Stack</th></tr>
<tr><th align='center' bgcolor='#eeeeec'>#</th><th align='left' bgcolor='#eeeeec'>Time</th><th align='left' bgcolor='#eeeeec'>Memory</th><th align='left' bgcolor='#eeeeec'>Function</th><th align='left' bgcolor='#eeeeec'>Location</th></tr>
<tr><td bgcolor='#eeeeec' align='center'>1</td><td bgcolor='#eeeeec' align='center'>0.0000</td><td bgcolor='#eeeeec' align='right'>233792</td><td bgcolor='#eeeeec'>{main}(  )</td><td title='/var/www/era/project/index.php' bgcolor='#eeeeec'>../index.php<b>:</b>0</td></tr>
<tr><td bgcolor='#eeeeec' align='center'>2</td><td bgcolor='#eeeeec' align='center'>0.0001</td><td bgcolor='#eeeeec' align='right'>237480</td><td bgcolor='#eeeeec'>ILO_Bootstrap::start(  )</td><td title='/var/www/era/project/index.php' bgcolor='#eeeeec'>../index.php<b>:</b>12</td></tr>
<tr><td bgcolor='#eeeeec' align='center'>3</td><td bgcolor='#eeeeec' align='center'>0.0025</td><td bgcolor='#eeeeec' align='right'>564768</td><td bgcolor='#eeeeec'>ILO_Bootstrap::initRoute(  )</td><td title='/var/www/era/project/app/ilo/Bootstrap.php' bgcolor='#eeeeec'>../Bootstrap.php<b>:</b>10</td></tr>
<tr><td bgcolor='#eeeeec' align='center'>4</td><td bgcolor='#eeeeec' align='center'>0.0026</td><td bgcolor='#eeeeec' align='right'>586736</td><td bgcolor='#eeeeec'>ILO_Router_Dispatcher->run(  )</td><td title='/var/www/era/project/app/ilo/Bootstrap.php' bgcolor='#eeeeec'>../Bootstrap.php<b>:</b>37</td></tr>
<tr><td bgcolor='#eeeeec' align='center'>5</td><td bgcolor='#eeeeec' align='center'>0.0027</td><td bgcolor='#eeeeec' align='right'>589856</td><td bgcolor='#eeeeec'>ILO_Router_Dispatcher->dispatch(  )</td><td title='/var/www/era/project/app/ilo/router/Dispatcher.php' bgcolor='#eeeeec'>../Dispatcher.php<b>:</b>341</td></tr>
<tr><td bgcolor='#eeeeec' align='center'>6</td><td bgcolor='#eeeeec' align='center'>0.0031</td><td bgcolor='#eeeeec' align='right'>655760</td><td bgcolor='#eeeeec'><a href='http://www.php.net/function.call-user-func-array:{/var/www/era/project/app/ilo/router/Dispatcher.php:407}' target='_new'>call_user_func_array:{/var/www/era/project/app/ilo/router/Dispatcher.php:407}</a>
(  )</td><td title='/var/www/era/project/app/ilo/router/Dispatcher.php' bgcolor='#eeeeec'>../Dispatcher.php<b>:</b>407</td></tr>
<tr><td bgcolor='#eeeeec' align='center'>7</td><td bgcolor='#eeeeec' align='center'>0.0031</td><td bgcolor='#eeeeec' align='right'>656024</td><td bgcolor='#eeeeec'>Treinamento_Controller_Treinamento->unidadescompentenciaAction(  )</td><td title='/var/www/era/project/app/ilo/router/Dispatcher.php' bgcolor='#eeeeec'>../Dispatcher.php<b>:</b>407</td></tr>
<tr><td bgcolor='#eeeeec' align='center'>8</td><td bgcolor='#eeeeec' align='center'>0.0037</td><td bgcolor='#eeeeec' align='right'>675208</td><td bgcolor='#eeeeec'>ILO_Model_DAO->fetchAll(  )</td><td title='/var/www/era/project/app/modules/treinamento/controller/Treinamento.php' bgcolor='#eeeeec'>../Treinamento.php<b>:</b>550</td></tr>
<tr><td bgcolor='#eeeeec' align='center'>9</td><td bgcolor='#eeeeec' align='center'>0.0037</td><td bgcolor='#eeeeec' align='right'>676768</td><td bgcolor='#eeeeec'><a href='http://www.php.net/PDOStatement.execute' target='_new'>execute</a>
(  )</td><td title='/var/www/era/project/app/ilo/model/DAO.php' bgcolor='#eeeeec'>../DAO.php<b>:</b>209</td></tr>

)

------------------------------------------------------------------------------------------------------------------------------------------------------

Data: 01/05/2015 08:51:06
Conteudo: PDOException Object
(
    [message:protected] => SQLSTATE[42S02]: Base table or view not found: 1146 Table 'bd_erasys.previous_contract' doesn't exist
    [string:Exception:private] => 
    [code:protected] => 42S02
    [file:protected] => /var/www/era/project/app/ilo/model/DAO.php
    [line:protected] => 209
    [trace:Exception:private] => Array
        (
            [0] => Array
                (
                    [file] => /var/www/era/project/app/ilo/model/DAO.php
                    [line] => 209
                    [function] => execute
                    [class] => PDOStatement
                    [type] => ->
                    [args] => Array
                        (
                            [0] => Array
                                (
                                    [:w_fk_id_enterprise] => 104
                                )

                        )

                )

            [1] => Array
                (
                    [file] => /var/www/era/project/app/modules/empresa/controller/Registro.php
                    [line] => 932
                    [function] => fetchAll
                    [class] => ILO_Model_DAO
                    [type] => ->
                    [args] => Array
                        (
                            [0] => Array
                                (
                                    [0] => id_previous_contract desc
                                )

                            [1] => Array
                                (
                                    [fk_id_enterprise] => 104
                                )

                        )

                )

            [2] => Array
                (
                    [function] => listpreviouscontractAction
                    [class] => Empresa_Controller_Registro
                    [type] => ->
                    [args] => Array
                        (
                            [0] => id
                            [1] => 104
                        )

                )

            [3] => Array
                (
                    [file] => /var/www/era/project/app/ilo/router/Dispatcher.php
                    [line] => 407
                    [function] => call_user_func_array
                    [args] => Array
                        (
                            [0] => Array
                                (
                                    [0] => Empresa_Controller_Registro Object
                                        (
                                            [_accessMapping:protected] => Array
                                                (
                                                    [salvar] => Array
                                                        (
                                                            [0] => geral
                                                            [1] => savegeral
                                                            [2] => contato
                                                            [3] => savecontato
                                                            [4] => volume
                                                            [5] => savevolume
                                                            [6] => clientes
                                                            [7] => saveclientes
                                                            [8] => buscaclientes
                                                            [9] => listclientes
                                                            [10] => tipo
                                                            [11] => savetipo
                                                            [12] => carregarsubsector
                                                            [13] => removeclientes
                                                            [14] => listvolumevendas
                                                            [15] => endereco
                                                            [16] => saveendereco
                                                            [17] => removerendereco
                                                            [18] => subsector
                                                            [19] => contratos
                                                            [20] => asset
                                                            [21] => listasset
                                                            [22] => saveasset
                                                            [23] => deleteasset
                                                            [24] => getasset
                                                            [25] => previouscontract
                                                            [26] => getpreviouscontract
                                                            [27] => listpreviouscontract
                                                            [28] => savepreviouscontract
                                                            [29] => deletepreviouscontract
                                                        )

                                                    [consultar] => Array
                                                        (
                                                            [0] => index
                                                        )

                                                )

                                            [_abas:protected] => Array
                                                (
                                                    [0] => Array
                                                        (
                                                            [label] => Informação Geral
                                                            [id] => 51
                                                            [url] => /empresa/registro/geral/id/
                                                            [liberado] => 
                                                            [action] => geral
                                                            [selected] => 1
                                                            [require] => id_enterprise
                                                        )

                                                    [1] => Array
                                                        (
                                                            [label] => Contato
                                                            [id] => 307
                                                            [url] => /empresa/registro/contato/id/
                                                            [liberado] => 
                                                            [action] => contato
                                                            [require] => id_enterprise
                                                        )

                                                    [2] => Array
                                                        (
                                                            [label] => Partisipante Treino
                                                            [id] => 315
                                                            [url] => /empresa/registro/clientes/id/
                                                            [liberado] => 
                                                            [action] => clientes
                                                            [require] => id_enterprise
                                                        )

                                                    [3] => Array
                                                        (
                                                            [label] => Volume Negosiu
                                                            [id] => 316
                                                            [url] => /empresa/registro/volume/id/
                                                            [liberado] => 
                                                            [action] => volume
                                                            [require] => id_enterprise
                                                        )

                                                    [4] => Array
                                                        (
                                                            [label] => Tipu Negosiu
                                                            [id] => 336
                                                            [url] => /empresa/registro/tipo/id/
                                                            [liberado] => 
                                                            [action] => tipo
                                                            [require] => id_enterprise
                                                        )

                                                    [5] => Array
                                                        (
                                                            [label] => Enderesu Eskritoriu
                                                            [id] => 348
                                                            [url] => /empresa/registro/endereco/id/
                                                            [liberado] => 
                                                            [action] => endereco
                                                            [require] => id_enterprise
                                                        )

                                                    [6] => Array
                                                        (
                                                            [label] => Asset
                                                            [id] => 600
                                                            [url] => /empresa/registro/asset/id/
                                                            [liberado] => 
                                                            [action] => asset
                                                            [require] => id_enterprise
                                                        )

                                                    [7] => Array
                                                        (
                                                            [label] => Contrato anterior
                                                            [id] => 602
                                                            [url] => /empresa/registro/previouscontract/id/
                                                            [liberado] => 
                                                            [action] => previouscontract
                                                            [require] => id_enterprise
                                                        )

                                                    [8] => Array
                                                        (
                                                            [label] => Contratos
                                                            [id] => 157
                                                            [url] => /empresa/registro/contratos/id/
                                                            [liberado] => 
                                                            [action] => contratos
                                                            [require] => id_enterprise
                                                        )

                                                )

                                            [_action:protected] => 
                                            [view:protected] => ILO_View_Render Object
                                                (
                                                    [_vars:protected] => Array
                                                        (
                                                            [action] => listpreviouscontract
                                                        )

                                                    [_viewPath:protected] => 
                                                    [_rota:protected] => Array
                                                        (
                                                            [modulo] => empresa
                                                            [controller] => registro
                                                            [action] => listpreviouscontract
                                                        )

                                                    [_renderLayout:protected] => 1
                                                    [_layoutFile:protected] => /var/www/era/project/app/modules/default/layout/main.php
                                                    [_helper:protected] => ILO_Helper_Proxy Object
                                                        (
                                                        )

                                                    [_layoutPath:protected] => /var/www/era/project/app/modules/
                                                )

                                            [_renderView:protected] => 1
                                            [_helper:protected] => ILO_Helper_Proxy Object
                                                (
                                                )

                                        )

                                    [1] => listpreviouscontractAction
                                )

                            [1] => Array
                                (
                                    [0] => id
                                    [1] => 104
                                )

                        )

                )

            [4] => Array
                (
                    [file] => /var/www/era/project/app/ilo/router/Dispatcher.php
                    [line] => 341
                    [function] => dispatch
                    [class] => ILO_Router_Dispatcher
                    [type] => ->
                    [args] => Array
                        (
                        )

                )

            [5] => Array
                (
                    [file] => /var/www/era/project/app/ilo/Bootstrap.php
                    [line] => 37
                    [function] => run
                    [class] => ILO_Router_Dispatcher
                    [type] => ->
                    [args] => Array
                        (
                        )

                )

            [6] => Array
                (
                    [file] => /var/www/era/project/app/ilo/Bootstrap.php
                    [line] => 10
                    [function] => initRoute
                    [class] => ILO_Bootstrap
                    [type] => ::
                    [args] => Array
                        (
                        )

                )

            [7] => Array
                (
                    [file] => /var/www/era/project/index.php
                    [line] => 12
                    [function] => start
                    [class] => ILO_Bootstrap
                    [type] => ::
                    [args] => Array
                        (
                        )

                )

        )

    [previous:Exception:private] => 
    [errorInfo] => Array
        (
            [0] => 42S02
            [1] => 1146
            [2] => Table 'bd_erasys.previous_contract' doesn't exist
        )

    [xdebug_message] => <tr><th align='left' bgcolor='#f57900' colspan="5"><span style='background-color: #cc0000; color: #fce94f; font-size: x-large;'>( ! )</span> PDOException: SQLSTATE[42S02]: Base table or view not found: 1146 Table 'bd_erasys.previous_contract' doesn't exist in /var/www/era/project/app/ilo/model/DAO.php on line <i>209</i></th></tr>
<tr><th align='left' bgcolor='#e9b96e' colspan='5'>Call Stack</th></tr>
<tr><th align='center' bgcolor='#eeeeec'>#</th><th align='left' bgcolor='#eeeeec'>Time</th><th align='left' bgcolor='#eeeeec'>Memory</th><th align='left' bgcolor='#eeeeec'>Function</th><th align='left' bgcolor='#eeeeec'>Location</th></tr>
<tr><td bgcolor='#eeeeec' align='center'>1</td><td bgcolor='#eeeeec' align='center'>0.0000</td><td bgcolor='#eeeeec' align='right'>231144</td><td bgcolor='#eeeeec'>{main}(  )</td><td title='/var/www/era/project/index.php' bgcolor='#eeeeec'>../index.php<b>:</b>0</td></tr>
<tr><td bgcolor='#eeeeec' align='center'>2</td><td bgcolor='#eeeeec' align='center'>0.0001</td><td bgcolor='#eeeeec' align='right'>234832</td><td bgcolor='#eeeeec'>ILO_Bootstrap::start(  )</td><td title='/var/www/era/project/index.php' bgcolor='#eeeeec'>../index.php<b>:</b>12</td></tr>
<tr><td bgcolor='#eeeeec' align='center'>3</td><td bgcolor='#eeeeec' align='center'>0.0026</td><td bgcolor='#eeeeec' align='right'>562136</td><td bgcolor='#eeeeec'>ILO_Bootstrap::initRoute(  )</td><td title='/var/www/era/project/app/ilo/Bootstrap.php' bgcolor='#eeeeec'>../Bootstrap.php<b>:</b>10</td></tr>
<tr><td bgcolor='#eeeeec' align='center'>4</td><td bgcolor='#eeeeec' align='center'>0.0027</td><td bgcolor='#eeeeec' align='right'>584104</td><td bgcolor='#eeeeec'>ILO_Router_Dispatcher->run(  )</td><td title='/var/www/era/project/app/ilo/Bootstrap.php' bgcolor='#eeeeec'>../Bootstrap.php<b>:</b>37</td></tr>
<tr><td bgcolor='#eeeeec' align='center'>5</td><td bgcolor='#eeeeec' align='center'>0.0028</td><td bgcolor='#eeeeec' align='right'>587640</td><td bgcolor='#eeeeec'>ILO_Router_Dispatcher->dispatch(  )</td><td title='/var/www/era/project/app/ilo/router/Dispatcher.php' bgcolor='#eeeeec'>../Dispatcher.php<b>:</b>341</td></tr>
<tr><td bgcolor='#eeeeec' align='center'>6</td><td bgcolor='#eeeeec' align='center'>0.0031</td><td bgcolor='#eeeeec' align='right'>651440</td><td bgcolor='#eeeeec'><a href='http://www.php.net/function.call-user-func-array:{/var/www/era/project/app/ilo/router/Dispatcher.php:407}' target='_new'>call_user_func_array:{/var/www/era/project/app/ilo/router/Dispatcher.php:407}</a>
(  )</td><td title='/var/www/era/project/app/ilo/router/Dispatcher.php' bgcolor='#eeeeec'>../Dispatcher.php<b>:</b>407</td></tr>
<tr><td bgcolor='#eeeeec' align='center'>7</td><td bgcolor='#eeeeec' align='center'>0.0031</td><td bgcolor='#eeeeec' align='right'>652080</td><td bgcolor='#eeeeec'>Empresa_Controller_Registro->listpreviouscontractAction(  )</td><td title='/var/www/era/project/app/ilo/router/Dispatcher.php' bgcolor='#eeeeec'>../Dispatcher.php<b>:</b>407</td></tr>
<tr><td bgcolor='#eeeeec' align='center'>8</td><td bgcolor='#eeeeec' align='center'>0.0040</td><td bgcolor='#eeeeec' align='right'>672544</td><td bgcolor='#eeeeec'>ILO_Model_DAO->fetchAll(  )</td><td title='/var/www/era/project/app/modules/empresa/controller/Registro.php' bgcolor='#eeeeec'>../Registro.php<b>:</b>932</td></tr>
<tr><td bgcolor='#eeeeec' align='center'>9</td><td bgcolor='#eeeeec' align='center'>0.0040</td><td bgcolor='#eeeeec' align='right'>674184</td><td bgcolor='#eeeeec'><a href='http://www.php.net/PDOStatement.execute' target='_new'>execute</a>
(  )</td><td title='/var/www/era/project/app/ilo/model/DAO.php' bgcolor='#eeeeec'>../DAO.php<b>:</b>209</td></tr>

)

------------------------------------------------------------------------------------------------------------------------------------------------------

